<?xml version="1.0" encoding="UTF-8"?>
<!-- Generated by org.testng.reporters.JUnitReportReporter -->
<testsuite skipped="0" hostname="LAPTOP-U3GO1F3I" name="qaclickacademy.SeleniumTest" tests="2" failures="0" timestamp="28 Apr 2020 08:22:28 GMT" time="0.018" errors="0">
  <testcase name="BrowserAutomation" time="0.016" classname="qaclickacademy.SeleniumTest"/>
  <testcase name="elementsUi" time="0.002" classname="qaclickacademy.SeleniumTest"/>
</testsuite> <!-- qaclickacademy.SeleniumTest -->
